[2021-05-03 16:40:52] DEBUG|bookmark_manager_app.views.index|Redirecting to Login page
[2021-05-03 16:40:54] DEBUG|bookmark_manager_app.views.index|Redirecting to Login page
[2021-05-03 16:41:04] INFO|bookmark_manager_app.views.index|User with username=user1 successfully logged in
[2021-05-03 16:41:04] DEBUG|bookmark_manager_app.views.index|Redirecting to groups page
[2021-05-03 16:41:04] DEBUG|bookmark_manager_app.views.display|Redirected to groups page
[2021-05-03 16:41:04] INFO|bookmark_manager_app.views.display|Retrieving user with name=user1
[2021-05-03 16:41:04] INFO|bookmark_manager_app.views.display|Retrieving groups of user with username=user1
[2021-05-03 16:41:04] INFO|bookmark_manager_app.views.display|Retrieving bookmarks of user with username=user1
[2021-05-03 16:41:04] INFO|bookmark_manager_app.views.display|Retrieving tags of user with username=user1
[2021-05-03 16:41:04] INFO|bookmark_manager_app.views.display|Retrieving reminders of user with username=user1
[2021-05-03 16:41:04] INFO|bookmark_manager_app.views.display|Updating status of all reminders
[2021-05-03 16:41:05] DEBUG|bookmark_manager_app.views.display|Rendering Groups page
[2021-05-03 16:41:41] INFO|bookmark_manager_app.views.search|Retrieving user with name=user1
[2021-05-03 16:41:41] INFO|bookmark_manager_app.views.search|Retrieving tag of user with username=user1
[2021-05-03 16:41:41] INFO|bookmark_manager_app.views.search|Retrieving groups of user with username=user1
[2021-05-03 16:41:41] INFO|bookmark_manager_app.views.search|Retrieving bookmarks of user with username=user1
[2021-05-03 16:41:41] INFO|bookmark_manager_app.views.search|Filtering bookmarks by search value=BOTH WORK
[2021-05-03 16:41:41] DEBUG|bookmark_manager_app.views.search|Rendering Search Results page
[2021-05-03 16:41:48] INFO|bookmark_manager_app.views.display|Retrieving reminder with name=LOLOL
[2021-05-03 16:41:48] INFO|bookmark_manager_app.views.display|Deleted reminder with name=LOLOL
[2021-05-03 16:41:48] DEBUG|bookmark_manager_app.views.display|Redirected to groups page
[2021-05-03 16:41:48] INFO|bookmark_manager_app.views.display|Retrieving user with name=user1
[2021-05-03 16:41:48] INFO|bookmark_manager_app.views.display|Retrieving groups of user with username=user1
[2021-05-03 16:41:48] INFO|bookmark_manager_app.views.display|Retrieving bookmarks of user with username=user1
[2021-05-03 16:41:48] INFO|bookmark_manager_app.views.display|Retrieving tags of user with username=user1
[2021-05-03 16:41:48] INFO|bookmark_manager_app.views.display|Retrieving reminders of user with username=user1
[2021-05-03 16:41:48] INFO|bookmark_manager_app.views.display|Updating status of all reminders
[2021-05-03 16:41:48] DEBUG|bookmark_manager_app.views.display|Rendering Groups page
[2021-05-03 16:49:22] DEBUG|bookmark_manager_app.views.display|Redirected to groups page
[2021-05-03 16:49:22] INFO|bookmark_manager_app.views.display|Retrieving user with name=user1
[2021-05-03 16:49:22] INFO|bookmark_manager_app.views.display|Retrieving groups of user with username=user1
[2021-05-03 16:49:22] INFO|bookmark_manager_app.views.display|Retrieving bookmarks of user with username=user1
[2021-05-03 16:49:22] INFO|bookmark_manager_app.views.display|Retrieving tags of user with username=user1
[2021-05-03 16:49:22] INFO|bookmark_manager_app.views.display|Retrieving reminders of user with username=user1
[2021-05-03 16:49:22] INFO|bookmark_manager_app.views.display|Updating status of all reminders
[2021-05-03 16:49:22] DEBUG|bookmark_manager_app.views.display|Rendering Groups page
[2021-05-03 16:49:23] DEBUG|bookmark_manager_app.views.display|Redirected to groups page
[2021-05-03 16:49:23] INFO|bookmark_manager_app.views.display|Retrieving user with name=user1
[2021-05-03 16:49:23] INFO|bookmark_manager_app.views.display|Retrieving groups of user with username=user1
[2021-05-03 16:49:23] INFO|bookmark_manager_app.views.display|Retrieving bookmarks of user with username=user1
[2021-05-03 16:49:23] INFO|bookmark_manager_app.views.display|Retrieving tags of user with username=user1
[2021-05-03 16:49:23] INFO|bookmark_manager_app.views.display|Retrieving reminders of user with username=user1
[2021-05-03 16:49:23] INFO|bookmark_manager_app.views.display|Updating status of all reminders
[2021-05-03 16:49:23] DEBUG|bookmark_manager_app.views.display|Rendering Groups page
[2021-05-03 16:49:24] DEBUG|bookmark_manager_app.views.display|Redirected to groups page
[2021-05-03 16:49:24] INFO|bookmark_manager_app.views.display|Retrieving user with name=user1
[2021-05-03 16:49:24] INFO|bookmark_manager_app.views.display|Retrieving groups of user with username=user1
[2021-05-03 16:49:24] INFO|bookmark_manager_app.views.display|Retrieving bookmarks of user with username=user1
[2021-05-03 16:49:24] INFO|bookmark_manager_app.views.display|Retrieving tags of user with username=user1
[2021-05-03 16:49:24] INFO|bookmark_manager_app.views.display|Retrieving reminders of user with username=user1
[2021-05-03 16:49:24] INFO|bookmark_manager_app.views.display|Updating status of all reminders
[2021-05-03 16:49:24] DEBUG|bookmark_manager_app.views.display|Rendering Groups page
[2021-05-03 16:49:24] DEBUG|bookmark_manager_app.views.display|Redirected to groups page
[2021-05-03 16:49:24] INFO|bookmark_manager_app.views.display|Retrieving user with name=user1
[2021-05-03 16:49:24] INFO|bookmark_manager_app.views.display|Retrieving groups of user with username=user1
[2021-05-03 16:49:24] INFO|bookmark_manager_app.views.display|Retrieving bookmarks of user with username=user1
[2021-05-03 16:49:24] INFO|bookmark_manager_app.views.display|Retrieving tags of user with username=user1
[2021-05-03 16:49:24] INFO|bookmark_manager_app.views.display|Retrieving reminders of user with username=user1
[2021-05-03 16:49:24] INFO|bookmark_manager_app.views.display|Updating status of all reminders
[2021-05-03 16:49:24] DEBUG|bookmark_manager_app.views.display|Rendering Groups page
[2021-05-03 16:49:24] DEBUG|bookmark_manager_app.views.display|Redirected to groups page
[2021-05-03 16:49:24] INFO|bookmark_manager_app.views.display|Retrieving user with name=user1
[2021-05-03 16:49:24] INFO|bookmark_manager_app.views.display|Retrieving groups of user with username=user1
[2021-05-03 16:49:24] INFO|bookmark_manager_app.views.display|Retrieving bookmarks of user with username=user1
[2021-05-03 16:49:24] INFO|bookmark_manager_app.views.display|Retrieving tags of user with username=user1
[2021-05-03 16:49:24] INFO|bookmark_manager_app.views.display|Retrieving reminders of user with username=user1
[2021-05-03 16:49:24] INFO|bookmark_manager_app.views.display|Updating status of all reminders
[2021-05-03 16:49:24] DEBUG|bookmark_manager_app.views.display|Rendering Groups page
[2021-05-03 16:49:28] DEBUG|bookmark_manager_app.views.display|Redirected to groups page
[2021-05-03 16:49:28] INFO|bookmark_manager_app.views.display|Retrieving user with name=user1
[2021-05-03 16:49:28] INFO|bookmark_manager_app.views.display|Retrieving groups of user with username=user1
[2021-05-03 16:49:28] INFO|bookmark_manager_app.views.display|Retrieving bookmarks of user with username=user1
[2021-05-03 16:49:28] INFO|bookmark_manager_app.views.display|Retrieving tags of user with username=user1
[2021-05-03 16:49:28] INFO|bookmark_manager_app.views.display|Retrieving reminders of user with username=user1
[2021-05-03 16:49:28] INFO|bookmark_manager_app.views.display|Updating status of all reminders
[2021-05-03 16:49:28] DEBUG|bookmark_manager_app.views.display|Rendering Groups page
[2021-05-03 16:50:46] DEBUG|bookmark_manager_app.views.display|Redirected to groups page
[2021-05-03 16:50:46] INFO|bookmark_manager_app.views.display|Retrieving user with name=user1
[2021-05-03 16:50:46] INFO|bookmark_manager_app.views.display|Retrieving groups of user with username=user1
[2021-05-03 16:50:46] INFO|bookmark_manager_app.views.display|Retrieving bookmarks of user with username=user1
[2021-05-03 16:50:46] INFO|bookmark_manager_app.views.display|Retrieving tags of user with username=user1
[2021-05-03 16:50:46] INFO|bookmark_manager_app.views.display|Retrieving reminders of user with username=user1
[2021-05-03 16:50:46] INFO|bookmark_manager_app.views.display|Updating status of all reminders
[2021-05-03 16:50:46] DEBUG|bookmark_manager_app.views.display|Rendering Groups page
[2021-05-03 16:50:47] DEBUG|bookmark_manager_app.views.display|Redirected to groups page
[2021-05-03 16:50:47] INFO|bookmark_manager_app.views.display|Retrieving user with name=user1
[2021-05-03 16:50:47] INFO|bookmark_manager_app.views.display|Retrieving groups of user with username=user1
[2021-05-03 16:50:47] INFO|bookmark_manager_app.views.display|Retrieving bookmarks of user with username=user1
[2021-05-03 16:50:47] INFO|bookmark_manager_app.views.display|Retrieving tags of user with username=user1
[2021-05-03 16:50:47] INFO|bookmark_manager_app.views.display|Retrieving reminders of user with username=user1
[2021-05-03 16:50:47] INFO|bookmark_manager_app.views.display|Updating status of all reminders
[2021-05-03 16:50:47] DEBUG|bookmark_manager_app.views.display|Rendering Groups page
[2021-05-03 16:53:34] DEBUG|bookmark_manager_app.views.display|Redirected to groups page
[2021-05-03 16:53:34] INFO|bookmark_manager_app.views.display|Retrieving user with name=user1
[2021-05-03 16:53:34] INFO|bookmark_manager_app.views.display|Retrieving groups of user with username=user1
[2021-05-03 16:53:34] INFO|bookmark_manager_app.views.display|Retrieving bookmarks of user with username=user1
[2021-05-03 16:53:34] INFO|bookmark_manager_app.views.display|Retrieving tags of user with username=user1
[2021-05-03 16:53:34] INFO|bookmark_manager_app.views.display|Retrieving reminders of user with username=user1
[2021-05-03 16:53:34] INFO|bookmark_manager_app.views.display|Updating status of all reminders
[2021-05-03 16:53:34] DEBUG|bookmark_manager_app.views.display|Rendering Groups page
[2021-05-03 16:53:47] DEBUG|bookmark_manager_app.views.display|Redirected to groups page
[2021-05-03 16:53:47] INFO|bookmark_manager_app.views.display|Retrieving user with name=user1
[2021-05-03 16:53:47] INFO|bookmark_manager_app.views.display|Retrieving groups of user with username=user1
[2021-05-03 16:53:47] INFO|bookmark_manager_app.views.display|Retrieving bookmarks of user with username=user1
[2021-05-03 16:53:47] INFO|bookmark_manager_app.views.display|Retrieving tags of user with username=user1
[2021-05-03 16:53:47] INFO|bookmark_manager_app.views.display|Retrieving reminders of user with username=user1
[2021-05-03 16:53:47] INFO|bookmark_manager_app.views.display|Updating status of all reminders
[2021-05-03 16:53:47] DEBUG|bookmark_manager_app.views.display|Rendering Groups page
[2021-05-03 16:54:16] DEBUG|bookmark_manager_app.views.display|Redirected to groups page
[2021-05-03 16:54:16] INFO|bookmark_manager_app.views.display|Retrieving user with name=user1
[2021-05-03 16:54:16] INFO|bookmark_manager_app.views.display|Retrieving groups of user with username=user1
[2021-05-03 16:54:16] INFO|bookmark_manager_app.views.display|Retrieving bookmarks of user with username=user1
[2021-05-03 16:54:16] INFO|bookmark_manager_app.views.display|Retrieving tags of user with username=user1
[2021-05-03 16:54:16] INFO|bookmark_manager_app.views.display|Retrieving reminders of user with username=user1
[2021-05-03 16:54:16] INFO|bookmark_manager_app.views.display|Updating status of all reminders
[2021-05-03 16:54:16] DEBUG|bookmark_manager_app.views.display|Rendering Groups page
[2021-05-03 16:54:22] DEBUG|bookmark_manager_app.views.display|Redirected to groups page
[2021-05-03 16:54:22] INFO|bookmark_manager_app.views.display|Retrieving user with name=user1
[2021-05-03 16:54:22] INFO|bookmark_manager_app.views.display|Retrieving groups of user with username=user1
[2021-05-03 16:54:22] INFO|bookmark_manager_app.views.display|Retrieving bookmarks of user with username=user1
[2021-05-03 16:54:22] INFO|bookmark_manager_app.views.display|Retrieving tags of user with username=user1
[2021-05-03 16:54:22] INFO|bookmark_manager_app.views.display|Retrieving reminders of user with username=user1
[2021-05-03 16:54:22] INFO|bookmark_manager_app.views.display|Updating status of all reminders
[2021-05-03 16:54:22] DEBUG|bookmark_manager_app.views.display|Rendering Groups page
[2021-05-03 16:54:26] DEBUG|bookmark_manager_app.views.display|Redirected to groups page
[2021-05-03 16:54:26] INFO|bookmark_manager_app.views.display|Retrieving user with name=user1
[2021-05-03 16:54:26] INFO|bookmark_manager_app.views.display|Retrieving groups of user with username=user1
[2021-05-03 16:54:26] INFO|bookmark_manager_app.views.display|Retrieving bookmarks of user with username=user1
[2021-05-03 16:54:26] INFO|bookmark_manager_app.views.display|Retrieving tags of user with username=user1
[2021-05-03 16:54:26] INFO|bookmark_manager_app.views.display|Retrieving reminders of user with username=user1
[2021-05-03 16:54:26] INFO|bookmark_manager_app.views.display|Updating status of all reminders
[2021-05-03 16:54:26] DEBUG|bookmark_manager_app.views.display|Rendering Groups page
[2021-05-03 16:54:27] DEBUG|bookmark_manager_app.views.display|Redirected to groups page
[2021-05-03 16:54:27] INFO|bookmark_manager_app.views.display|Retrieving user with name=user1
[2021-05-03 16:54:27] INFO|bookmark_manager_app.views.display|Retrieving groups of user with username=user1
[2021-05-03 16:54:27] INFO|bookmark_manager_app.views.display|Retrieving bookmarks of user with username=user1
[2021-05-03 16:54:27] INFO|bookmark_manager_app.views.display|Retrieving tags of user with username=user1
[2021-05-03 16:54:27] INFO|bookmark_manager_app.views.display|Retrieving reminders of user with username=user1
[2021-05-03 16:54:27] INFO|bookmark_manager_app.views.display|Updating status of all reminders
[2021-05-03 16:54:27] DEBUG|bookmark_manager_app.views.display|Rendering Groups page
[2021-05-03 16:54:28] DEBUG|bookmark_manager_app.views.display|Redirected to groups page
[2021-05-03 16:54:28] INFO|bookmark_manager_app.views.display|Retrieving user with name=user1
[2021-05-03 16:54:28] INFO|bookmark_manager_app.views.display|Retrieving groups of user with username=user1
[2021-05-03 16:54:28] INFO|bookmark_manager_app.views.display|Retrieving bookmarks of user with username=user1
[2021-05-03 16:54:28] INFO|bookmark_manager_app.views.display|Retrieving tags of user with username=user1
[2021-05-03 16:54:28] INFO|bookmark_manager_app.views.display|Retrieving reminders of user with username=user1
[2021-05-03 16:54:28] INFO|bookmark_manager_app.views.display|Updating status of all reminders
[2021-05-03 16:54:28] DEBUG|bookmark_manager_app.views.display|Rendering Groups page
[2021-05-03 16:55:19] DEBUG|bookmark_manager_app.views.display|Redirected to groups page
[2021-05-03 16:55:19] INFO|bookmark_manager_app.views.display|Retrieving user with name=user1
[2021-05-03 16:55:19] INFO|bookmark_manager_app.views.display|Retrieving groups of user with username=user1
[2021-05-03 16:55:19] INFO|bookmark_manager_app.views.display|Retrieving bookmarks of user with username=user1
[2021-05-03 16:55:19] INFO|bookmark_manager_app.views.display|Retrieving tags of user with username=user1
[2021-05-03 16:55:19] INFO|bookmark_manager_app.views.display|Retrieving reminders of user with username=user1
[2021-05-03 16:55:19] INFO|bookmark_manager_app.views.display|Updating status of all reminders
[2021-05-03 16:55:19] DEBUG|bookmark_manager_app.views.display|Rendering Groups page
[2021-05-03 16:55:20] DEBUG|bookmark_manager_app.views.display|Redirected to groups page
[2021-05-03 16:55:20] INFO|bookmark_manager_app.views.display|Retrieving user with name=user1
[2021-05-03 16:55:20] INFO|bookmark_manager_app.views.display|Retrieving groups of user with username=user1
[2021-05-03 16:55:20] INFO|bookmark_manager_app.views.display|Retrieving bookmarks of user with username=user1
[2021-05-03 16:55:20] INFO|bookmark_manager_app.views.display|Retrieving tags of user with username=user1
[2021-05-03 16:55:20] INFO|bookmark_manager_app.views.display|Retrieving reminders of user with username=user1
[2021-05-03 16:55:20] INFO|bookmark_manager_app.views.display|Updating status of all reminders
[2021-05-03 16:55:20] DEBUG|bookmark_manager_app.views.display|Rendering Groups page
[2021-05-03 16:55:22] DEBUG|bookmark_manager_app.views.display|Redirected to groups page
[2021-05-03 16:55:22] INFO|bookmark_manager_app.views.display|Retrieving user with name=user1
[2021-05-03 16:55:22] INFO|bookmark_manager_app.views.display|Retrieving groups of user with username=user1
[2021-05-03 16:55:22] INFO|bookmark_manager_app.views.display|Retrieving bookmarks of user with username=user1
[2021-05-03 16:55:22] INFO|bookmark_manager_app.views.display|Retrieving tags of user with username=user1
[2021-05-03 16:55:22] INFO|bookmark_manager_app.views.display|Retrieving reminders of user with username=user1
[2021-05-03 16:55:22] INFO|bookmark_manager_app.views.display|Updating status of all reminders
[2021-05-03 16:55:22] DEBUG|bookmark_manager_app.views.display|Rendering Groups page
[2021-05-03 16:55:22] DEBUG|bookmark_manager_app.views.display|Redirected to groups page
[2021-05-03 16:55:22] INFO|bookmark_manager_app.views.display|Retrieving user with name=user1
[2021-05-03 16:55:22] INFO|bookmark_manager_app.views.display|Retrieving groups of user with username=user1
[2021-05-03 16:55:22] INFO|bookmark_manager_app.views.display|Retrieving bookmarks of user with username=user1
[2021-05-03 16:55:22] INFO|bookmark_manager_app.views.display|Retrieving tags of user with username=user1
[2021-05-03 16:55:22] INFO|bookmark_manager_app.views.display|Retrieving reminders of user with username=user1
[2021-05-03 16:55:22] INFO|bookmark_manager_app.views.display|Updating status of all reminders
[2021-05-03 16:55:22] DEBUG|bookmark_manager_app.views.display|Rendering Groups page
[2021-05-03 16:55:22] DEBUG|bookmark_manager_app.views.display|Redirected to groups page
[2021-05-03 16:55:22] INFO|bookmark_manager_app.views.display|Retrieving user with name=user1
[2021-05-03 16:55:22] INFO|bookmark_manager_app.views.display|Retrieving groups of user with username=user1
[2021-05-03 16:55:22] INFO|bookmark_manager_app.views.display|Retrieving bookmarks of user with username=user1
[2021-05-03 16:55:22] INFO|bookmark_manager_app.views.display|Retrieving tags of user with username=user1
[2021-05-03 16:55:22] INFO|bookmark_manager_app.views.display|Retrieving reminders of user with username=user1
[2021-05-03 16:55:22] INFO|bookmark_manager_app.views.display|Updating status of all reminders
[2021-05-03 16:55:22] DEBUG|bookmark_manager_app.views.display|Rendering Groups page
[2021-05-03 16:55:22] DEBUG|bookmark_manager_app.views.display|Redirected to groups page
[2021-05-03 16:55:22] INFO|bookmark_manager_app.views.display|Retrieving user with name=user1
[2021-05-03 16:55:22] INFO|bookmark_manager_app.views.display|Retrieving groups of user with username=user1
[2021-05-03 16:55:22] INFO|bookmark_manager_app.views.display|Retrieving bookmarks of user with username=user1
[2021-05-03 16:55:22] INFO|bookmark_manager_app.views.display|Retrieving tags of user with username=user1
[2021-05-03 16:55:22] INFO|bookmark_manager_app.views.display|Retrieving reminders of user with username=user1
[2021-05-03 16:55:22] INFO|bookmark_manager_app.views.display|Updating status of all reminders
[2021-05-03 16:55:22] DEBUG|bookmark_manager_app.views.display|Rendering Groups page
[2021-05-03 16:55:23] DEBUG|bookmark_manager_app.views.display|Redirected to groups page
[2021-05-03 16:55:23] INFO|bookmark_manager_app.views.display|Retrieving user with name=user1
[2021-05-03 16:55:23] INFO|bookmark_manager_app.views.display|Retrieving groups of user with username=user1
[2021-05-03 16:55:23] INFO|bookmark_manager_app.views.display|Retrieving bookmarks of user with username=user1
[2021-05-03 16:55:23] INFO|bookmark_manager_app.views.display|Retrieving tags of user with username=user1
[2021-05-03 16:55:23] INFO|bookmark_manager_app.views.display|Retrieving reminders of user with username=user1
[2021-05-03 16:55:23] INFO|bookmark_manager_app.views.display|Updating status of all reminders
[2021-05-03 16:55:23] DEBUG|bookmark_manager_app.views.display|Rendering Groups page
[2021-05-03 16:55:23] DEBUG|bookmark_manager_app.views.display|Redirected to groups page
[2021-05-03 16:55:23] INFO|bookmark_manager_app.views.display|Retrieving user with name=user1
[2021-05-03 16:55:23] INFO|bookmark_manager_app.views.display|Retrieving groups of user with username=user1
[2021-05-03 16:55:23] INFO|bookmark_manager_app.views.display|Retrieving bookmarks of user with username=user1
[2021-05-03 16:55:23] INFO|bookmark_manager_app.views.display|Retrieving tags of user with username=user1
[2021-05-03 16:55:23] INFO|bookmark_manager_app.views.display|Retrieving reminders of user with username=user1
[2021-05-03 16:55:23] INFO|bookmark_manager_app.views.display|Updating status of all reminders
[2021-05-03 16:55:23] DEBUG|bookmark_manager_app.views.display|Rendering Groups page
[2021-05-03 16:55:23] DEBUG|bookmark_manager_app.views.display|Redirected to groups page
[2021-05-03 16:55:23] INFO|bookmark_manager_app.views.display|Retrieving user with name=user1
[2021-05-03 16:55:23] INFO|bookmark_manager_app.views.display|Retrieving groups of user with username=user1
[2021-05-03 16:55:23] INFO|bookmark_manager_app.views.display|Retrieving bookmarks of user with username=user1
[2021-05-03 16:55:23] INFO|bookmark_manager_app.views.display|Retrieving tags of user with username=user1
[2021-05-03 16:55:23] INFO|bookmark_manager_app.views.display|Retrieving reminders of user with username=user1
[2021-05-03 16:55:23] INFO|bookmark_manager_app.views.display|Updating status of all reminders
[2021-05-03 16:55:23] DEBUG|bookmark_manager_app.views.display|Rendering Groups page
[2021-05-03 16:55:24] DEBUG|bookmark_manager_app.views.display|Redirected to groups page
[2021-05-03 16:55:24] INFO|bookmark_manager_app.views.display|Retrieving user with name=user1
[2021-05-03 16:55:24] INFO|bookmark_manager_app.views.display|Retrieving groups of user with username=user1
[2021-05-03 16:55:24] INFO|bookmark_manager_app.views.display|Retrieving bookmarks of user with username=user1
[2021-05-03 16:55:24] INFO|bookmark_manager_app.views.display|Retrieving tags of user with username=user1
[2021-05-03 16:55:24] INFO|bookmark_manager_app.views.display|Retrieving reminders of user with username=user1
[2021-05-03 16:55:24] INFO|bookmark_manager_app.views.display|Updating status of all reminders
[2021-05-03 16:55:24] DEBUG|bookmark_manager_app.views.display|Rendering Groups page
[2021-05-03 16:55:24] DEBUG|bookmark_manager_app.views.display|Redirected to groups page
[2021-05-03 16:55:24] INFO|bookmark_manager_app.views.display|Retrieving user with name=user1
[2021-05-03 16:55:24] INFO|bookmark_manager_app.views.display|Retrieving groups of user with username=user1
[2021-05-03 16:55:24] INFO|bookmark_manager_app.views.display|Retrieving bookmarks of user with username=user1
[2021-05-03 16:55:24] INFO|bookmark_manager_app.views.display|Retrieving tags of user with username=user1
[2021-05-03 16:55:24] INFO|bookmark_manager_app.views.display|Retrieving reminders of user with username=user1
[2021-05-03 16:55:24] INFO|bookmark_manager_app.views.display|Updating status of all reminders
[2021-05-03 16:55:24] DEBUG|bookmark_manager_app.views.display|Rendering Groups page
[2021-05-03 16:55:25] DEBUG|bookmark_manager_app.views.display|Redirected to groups page
[2021-05-03 16:55:25] INFO|bookmark_manager_app.views.display|Retrieving user with name=user1
[2021-05-03 16:55:25] INFO|bookmark_manager_app.views.display|Retrieving groups of user with username=user1
[2021-05-03 16:55:25] INFO|bookmark_manager_app.views.display|Retrieving bookmarks of user with username=user1
[2021-05-03 16:55:25] INFO|bookmark_manager_app.views.display|Retrieving tags of user with username=user1
[2021-05-03 16:55:25] INFO|bookmark_manager_app.views.display|Retrieving reminders of user with username=user1
[2021-05-03 16:55:25] INFO|bookmark_manager_app.views.display|Updating status of all reminders
[2021-05-03 16:55:25] DEBUG|bookmark_manager_app.views.display|Rendering Groups page
[2021-05-03 16:55:25] DEBUG|bookmark_manager_app.views.display|Redirected to groups page
[2021-05-03 16:55:25] INFO|bookmark_manager_app.views.display|Retrieving user with name=user1
[2021-05-03 16:55:25] INFO|bookmark_manager_app.views.display|Retrieving groups of user with username=user1
[2021-05-03 16:55:25] INFO|bookmark_manager_app.views.display|Retrieving bookmarks of user with username=user1
[2021-05-03 16:55:25] INFO|bookmark_manager_app.views.display|Retrieving tags of user with username=user1
[2021-05-03 16:55:25] INFO|bookmark_manager_app.views.display|Retrieving reminders of user with username=user1
[2021-05-03 16:55:25] INFO|bookmark_manager_app.views.display|Updating status of all reminders
[2021-05-03 16:55:25] DEBUG|bookmark_manager_app.views.display|Rendering Groups page
[2021-05-03 16:55:40] DEBUG|bookmark_manager_app.views.display|Redirected to groups page
[2021-05-03 16:55:40] INFO|bookmark_manager_app.views.display|Retrieving user with name=user1
[2021-05-03 16:55:40] INFO|bookmark_manager_app.views.display|Retrieving groups of user with username=user1
[2021-05-03 16:55:40] INFO|bookmark_manager_app.views.display|Retrieving bookmarks of user with username=user1
[2021-05-03 16:55:40] INFO|bookmark_manager_app.views.display|Retrieving tags of user with username=user1
[2021-05-03 16:55:40] INFO|bookmark_manager_app.views.display|Retrieving reminders of user with username=user1
[2021-05-03 16:55:40] INFO|bookmark_manager_app.views.display|Updating status of all reminders
[2021-05-03 16:55:40] DEBUG|bookmark_manager_app.views.display|Rendering Groups page
[2021-05-03 16:55:41] DEBUG|bookmark_manager_app.views.display|Redirected to groups page
[2021-05-03 16:55:41] INFO|bookmark_manager_app.views.display|Retrieving user with name=user1
[2021-05-03 16:55:41] INFO|bookmark_manager_app.views.display|Retrieving groups of user with username=user1
[2021-05-03 16:55:41] INFO|bookmark_manager_app.views.display|Retrieving bookmarks of user with username=user1
[2021-05-03 16:55:41] INFO|bookmark_manager_app.views.display|Retrieving tags of user with username=user1
[2021-05-03 16:55:41] INFO|bookmark_manager_app.views.display|Retrieving reminders of user with username=user1
[2021-05-03 16:55:41] INFO|bookmark_manager_app.views.display|Updating status of all reminders
[2021-05-03 16:55:41] DEBUG|bookmark_manager_app.views.display|Rendering Groups page
[2021-05-03 16:55:41] DEBUG|bookmark_manager_app.views.display|Redirected to groups page
[2021-05-03 16:55:41] INFO|bookmark_manager_app.views.display|Retrieving user with name=user1
[2021-05-03 16:55:41] INFO|bookmark_manager_app.views.display|Retrieving groups of user with username=user1
[2021-05-03 16:55:41] INFO|bookmark_manager_app.views.display|Retrieving bookmarks of user with username=user1
[2021-05-03 16:55:41] INFO|bookmark_manager_app.views.display|Retrieving tags of user with username=user1
[2021-05-03 16:55:41] INFO|bookmark_manager_app.views.display|Retrieving reminders of user with username=user1
[2021-05-03 16:55:41] INFO|bookmark_manager_app.views.display|Updating status of all reminders
[2021-05-03 16:55:41] DEBUG|bookmark_manager_app.views.display|Rendering Groups page
[2021-05-03 16:56:07] DEBUG|bookmark_manager_app.views.display|Redirected to groups page
[2021-05-03 16:56:07] INFO|bookmark_manager_app.views.display|Retrieving user with name=user1
[2021-05-03 16:56:07] INFO|bookmark_manager_app.views.display|Retrieving groups of user with username=user1
[2021-05-03 16:56:07] INFO|bookmark_manager_app.views.display|Retrieving bookmarks of user with username=user1
[2021-05-03 16:56:07] INFO|bookmark_manager_app.views.display|Retrieving tags of user with username=user1
[2021-05-03 16:56:07] INFO|bookmark_manager_app.views.display|Retrieving reminders of user with username=user1
[2021-05-03 16:56:07] INFO|bookmark_manager_app.views.display|Updating status of all reminders
[2021-05-03 16:56:07] DEBUG|bookmark_manager_app.views.display|Rendering Groups page
[2021-05-03 16:56:08] DEBUG|bookmark_manager_app.views.display|Redirected to groups page
[2021-05-03 16:56:08] INFO|bookmark_manager_app.views.display|Retrieving user with name=user1
[2021-05-03 16:56:08] INFO|bookmark_manager_app.views.display|Retrieving groups of user with username=user1
[2021-05-03 16:56:08] INFO|bookmark_manager_app.views.display|Retrieving bookmarks of user with username=user1
[2021-05-03 16:56:08] INFO|bookmark_manager_app.views.display|Retrieving tags of user with username=user1
[2021-05-03 16:56:08] INFO|bookmark_manager_app.views.display|Retrieving reminders of user with username=user1
[2021-05-03 16:56:08] INFO|bookmark_manager_app.views.display|Updating status of all reminders
[2021-05-03 16:56:08] DEBUG|bookmark_manager_app.views.display|Rendering Groups page
[2021-05-03 16:56:15] DEBUG|bookmark_manager_app.views.display|Redirected to groups page
[2021-05-03 16:56:15] INFO|bookmark_manager_app.views.display|Retrieving user with name=user1
[2021-05-03 16:56:15] INFO|bookmark_manager_app.views.display|Retrieving groups of user with username=user1
[2021-05-03 16:56:15] INFO|bookmark_manager_app.views.display|Retrieving bookmarks of user with username=user1
[2021-05-03 16:56:15] INFO|bookmark_manager_app.views.display|Retrieving tags of user with username=user1
[2021-05-03 16:56:15] INFO|bookmark_manager_app.views.display|Retrieving reminders of user with username=user1
[2021-05-03 16:56:15] INFO|bookmark_manager_app.views.display|Updating status of all reminders
[2021-05-03 16:56:15] DEBUG|bookmark_manager_app.views.display|Rendering Groups page
[2021-05-03 16:56:16] DEBUG|bookmark_manager_app.views.display|Redirected to groups page
[2021-05-03 16:56:16] INFO|bookmark_manager_app.views.display|Retrieving user with name=user1
[2021-05-03 16:56:16] INFO|bookmark_manager_app.views.display|Retrieving groups of user with username=user1
[2021-05-03 16:56:16] INFO|bookmark_manager_app.views.display|Retrieving bookmarks of user with username=user1
[2021-05-03 16:56:16] INFO|bookmark_manager_app.views.display|Retrieving tags of user with username=user1
[2021-05-03 16:56:16] INFO|bookmark_manager_app.views.display|Retrieving reminders of user with username=user1
[2021-05-03 16:56:16] INFO|bookmark_manager_app.views.display|Updating status of all reminders
[2021-05-03 16:56:16] DEBUG|bookmark_manager_app.views.display|Rendering Groups page
[2021-05-03 16:56:31] DEBUG|bookmark_manager_app.views.display|Redirected to groups page
[2021-05-03 16:56:31] INFO|bookmark_manager_app.views.display|Retrieving user with name=user1
[2021-05-03 16:56:31] INFO|bookmark_manager_app.views.display|Retrieving groups of user with username=user1
[2021-05-03 16:56:31] INFO|bookmark_manager_app.views.display|Retrieving bookmarks of user with username=user1
[2021-05-03 16:56:31] INFO|bookmark_manager_app.views.display|Retrieving tags of user with username=user1
[2021-05-03 16:56:31] INFO|bookmark_manager_app.views.display|Retrieving reminders of user with username=user1
[2021-05-03 16:56:31] INFO|bookmark_manager_app.views.display|Updating status of all reminders
[2021-05-03 16:56:31] DEBUG|bookmark_manager_app.views.display|Rendering Groups page
[2021-05-03 16:56:58] DEBUG|bookmark_manager_app.views.display|Redirected to groups page
[2021-05-03 16:56:58] INFO|bookmark_manager_app.views.display|Retrieving user with name=user1
[2021-05-03 16:56:58] INFO|bookmark_manager_app.views.display|Retrieving groups of user with username=user1
[2021-05-03 16:56:58] INFO|bookmark_manager_app.views.display|Retrieving bookmarks of user with username=user1
[2021-05-03 16:56:58] INFO|bookmark_manager_app.views.display|Retrieving tags of user with username=user1
[2021-05-03 16:56:58] INFO|bookmark_manager_app.views.display|Retrieving reminders of user with username=user1
[2021-05-03 16:56:58] INFO|bookmark_manager_app.views.display|Updating status of all reminders
[2021-05-03 16:56:58] DEBUG|bookmark_manager_app.views.display|Rendering Groups page
[2021-05-03 16:56:59] DEBUG|bookmark_manager_app.views.display|Redirected to groups page
[2021-05-03 16:56:59] INFO|bookmark_manager_app.views.display|Retrieving user with name=user1
[2021-05-03 16:56:59] INFO|bookmark_manager_app.views.display|Retrieving groups of user with username=user1
[2021-05-03 16:56:59] INFO|bookmark_manager_app.views.display|Retrieving bookmarks of user with username=user1
[2021-05-03 16:56:59] INFO|bookmark_manager_app.views.display|Retrieving tags of user with username=user1
[2021-05-03 16:56:59] INFO|bookmark_manager_app.views.display|Retrieving reminders of user with username=user1
[2021-05-03 16:56:59] INFO|bookmark_manager_app.views.display|Updating status of all reminders
[2021-05-03 16:56:59] DEBUG|bookmark_manager_app.views.display|Rendering Groups page
[2021-05-03 16:57:04] DEBUG|bookmark_manager_app.views.display|Redirected to groups page
[2021-05-03 16:57:04] INFO|bookmark_manager_app.views.display|Retrieving user with name=user1
[2021-05-03 16:57:04] INFO|bookmark_manager_app.views.display|Retrieving groups of user with username=user1
[2021-05-03 16:57:04] INFO|bookmark_manager_app.views.display|Retrieving bookmarks of user with username=user1
[2021-05-03 16:57:04] INFO|bookmark_manager_app.views.display|Retrieving tags of user with username=user1
[2021-05-03 16:57:04] INFO|bookmark_manager_app.views.display|Retrieving reminders of user with username=user1
[2021-05-03 16:57:04] INFO|bookmark_manager_app.views.display|Updating status of all reminders
[2021-05-03 16:57:04] DEBUG|bookmark_manager_app.views.display|Rendering Groups page
[2021-05-03 16:57:05] DEBUG|bookmark_manager_app.views.display|Redirected to groups page
[2021-05-03 16:57:05] INFO|bookmark_manager_app.views.display|Retrieving user with name=user1
[2021-05-03 16:57:05] INFO|bookmark_manager_app.views.display|Retrieving groups of user with username=user1
[2021-05-03 16:57:05] INFO|bookmark_manager_app.views.display|Retrieving bookmarks of user with username=user1
[2021-05-03 16:57:05] INFO|bookmark_manager_app.views.display|Retrieving tags of user with username=user1
[2021-05-03 16:57:05] INFO|bookmark_manager_app.views.display|Retrieving reminders of user with username=user1
[2021-05-03 16:57:05] INFO|bookmark_manager_app.views.display|Updating status of all reminders
[2021-05-03 16:57:05] DEBUG|bookmark_manager_app.views.display|Rendering Groups page
[2021-05-03 16:58:28] DEBUG|bookmark_manager_app.views.display|Redirected to groups page
[2021-05-03 16:58:28] INFO|bookmark_manager_app.views.display|Retrieving user with name=user1
[2021-05-03 16:58:28] INFO|bookmark_manager_app.views.display|Retrieving groups of user with username=user1
[2021-05-03 16:58:28] INFO|bookmark_manager_app.views.display|Retrieving bookmarks of user with username=user1
[2021-05-03 16:58:28] INFO|bookmark_manager_app.views.display|Retrieving tags of user with username=user1
[2021-05-03 16:58:28] INFO|bookmark_manager_app.views.display|Retrieving reminders of user with username=user1
[2021-05-03 16:58:28] INFO|bookmark_manager_app.views.display|Updating status of all reminders
[2021-05-03 16:58:28] DEBUG|bookmark_manager_app.views.display|Rendering Groups page
[2021-05-03 16:58:42] DEBUG|bookmark_manager_app.views.display|Redirected to groups page
[2021-05-03 16:58:42] INFO|bookmark_manager_app.views.display|Retrieving user with name=user1
[2021-05-03 16:58:42] INFO|bookmark_manager_app.views.display|Retrieving groups of user with username=user1
[2021-05-03 16:58:42] INFO|bookmark_manager_app.views.display|Retrieving bookmarks of user with username=user1
[2021-05-03 16:58:42] INFO|bookmark_manager_app.views.display|Retrieving tags of user with username=user1
[2021-05-03 16:58:42] INFO|bookmark_manager_app.views.display|Retrieving reminders of user with username=user1
[2021-05-03 16:58:42] INFO|bookmark_manager_app.views.display|Updating status of all reminders
[2021-05-03 16:58:42] DEBUG|bookmark_manager_app.views.display|Rendering Groups page
[2021-05-03 16:59:09] DEBUG|bookmark_manager_app.views.display|Redirected to groups page
[2021-05-03 16:59:09] INFO|bookmark_manager_app.views.display|Retrieving user with name=user1
[2021-05-03 16:59:09] INFO|bookmark_manager_app.views.display|Retrieving groups of user with username=user1
[2021-05-03 16:59:09] INFO|bookmark_manager_app.views.display|Retrieving bookmarks of user with username=user1
[2021-05-03 16:59:09] INFO|bookmark_manager_app.views.display|Retrieving tags of user with username=user1
[2021-05-03 16:59:09] INFO|bookmark_manager_app.views.display|Retrieving reminders of user with username=user1
[2021-05-03 16:59:09] INFO|bookmark_manager_app.views.display|Updating status of all reminders
[2021-05-03 16:59:09] DEBUG|bookmark_manager_app.views.display|Rendering Groups page
[2021-05-03 16:59:16] DEBUG|bookmark_manager_app.views.display|Redirected to groups page
[2021-05-03 16:59:16] INFO|bookmark_manager_app.views.display|Retrieving user with name=user1
[2021-05-03 16:59:16] INFO|bookmark_manager_app.views.display|Retrieving groups of user with username=user1
[2021-05-03 16:59:16] INFO|bookmark_manager_app.views.display|Retrieving bookmarks of user with username=user1
[2021-05-03 16:59:16] INFO|bookmark_manager_app.views.display|Retrieving tags of user with username=user1
[2021-05-03 16:59:16] INFO|bookmark_manager_app.views.display|Retrieving reminders of user with username=user1
[2021-05-03 16:59:16] INFO|bookmark_manager_app.views.display|Updating status of all reminders
[2021-05-03 16:59:16] DEBUG|bookmark_manager_app.views.display|Rendering Groups page
[2021-05-03 16:59:43] DEBUG|bookmark_manager_app.views.display|Redirected to groups page
[2021-05-03 16:59:43] INFO|bookmark_manager_app.views.display|Retrieving user with name=user1
[2021-05-03 16:59:43] INFO|bookmark_manager_app.views.display|Retrieving groups of user with username=user1
[2021-05-03 16:59:43] INFO|bookmark_manager_app.views.display|Retrieving bookmarks of user with username=user1
[2021-05-03 16:59:43] INFO|bookmark_manager_app.views.display|Retrieving tags of user with username=user1
[2021-05-03 16:59:43] INFO|bookmark_manager_app.views.display|Retrieving reminders of user with username=user1
[2021-05-03 16:59:43] INFO|bookmark_manager_app.views.display|Updating status of all reminders
[2021-05-03 16:59:43] DEBUG|bookmark_manager_app.views.display|Rendering Groups page
[2021-05-03 17:00:00] DEBUG|bookmark_manager_app.views.display|Redirected to groups page
[2021-05-03 17:00:00] INFO|bookmark_manager_app.views.display|Retrieving user with name=user1
[2021-05-03 17:00:00] INFO|bookmark_manager_app.views.display|Retrieving groups of user with username=user1
[2021-05-03 17:00:00] INFO|bookmark_manager_app.views.display|Retrieving bookmarks of user with username=user1
[2021-05-03 17:00:00] INFO|bookmark_manager_app.views.display|Retrieving tags of user with username=user1
[2021-05-03 17:00:00] INFO|bookmark_manager_app.views.display|Retrieving reminders of user with username=user1
[2021-05-03 17:00:00] INFO|bookmark_manager_app.views.display|Updating status of all reminders
[2021-05-03 17:00:00] DEBUG|bookmark_manager_app.views.display|Rendering Groups page
[2021-05-03 17:00:30] DEBUG|bookmark_manager_app.views.display|Redirected to groups page
[2021-05-03 17:00:30] INFO|bookmark_manager_app.views.display|Retrieving user with name=user1
[2021-05-03 17:00:30] INFO|bookmark_manager_app.views.display|Retrieving groups of user with username=user1
[2021-05-03 17:00:30] INFO|bookmark_manager_app.views.display|Retrieving bookmarks of user with username=user1
[2021-05-03 17:00:30] INFO|bookmark_manager_app.views.display|Retrieving tags of user with username=user1
[2021-05-03 17:00:30] INFO|bookmark_manager_app.views.display|Retrieving reminders of user with username=user1
[2021-05-03 17:00:30] INFO|bookmark_manager_app.views.display|Updating status of all reminders
[2021-05-03 17:00:30] DEBUG|bookmark_manager_app.views.display|Rendering Groups page
[2021-05-03 17:01:50] DEBUG|bookmark_manager_app.views.display|Redirected to groups page
[2021-05-03 17:01:50] INFO|bookmark_manager_app.views.display|Retrieving user with name=user1
[2021-05-03 17:01:50] INFO|bookmark_manager_app.views.display|Retrieving groups of user with username=user1
[2021-05-03 17:01:50] INFO|bookmark_manager_app.views.display|Retrieving bookmarks of user with username=user1
[2021-05-03 17:01:50] INFO|bookmark_manager_app.views.display|Retrieving tags of user with username=user1
[2021-05-03 17:01:50] INFO|bookmark_manager_app.views.display|Retrieving reminders of user with username=user1
[2021-05-03 17:01:50] INFO|bookmark_manager_app.views.display|Updating status of all reminders
[2021-05-03 17:01:50] DEBUG|bookmark_manager_app.views.display|Rendering Groups page
[2021-05-03 17:01:51] DEBUG|bookmark_manager_app.views.display|Redirected to groups page
[2021-05-03 17:01:51] INFO|bookmark_manager_app.views.display|Retrieving user with name=user1
[2021-05-03 17:01:51] INFO|bookmark_manager_app.views.display|Retrieving groups of user with username=user1
[2021-05-03 17:01:51] INFO|bookmark_manager_app.views.display|Retrieving bookmarks of user with username=user1
[2021-05-03 17:01:51] INFO|bookmark_manager_app.views.display|Retrieving tags of user with username=user1
[2021-05-03 17:01:51] INFO|bookmark_manager_app.views.display|Retrieving reminders of user with username=user1
[2021-05-03 17:01:51] INFO|bookmark_manager_app.views.display|Updating status of all reminders
[2021-05-03 17:01:51] DEBUG|bookmark_manager_app.views.display|Rendering Groups page
[2021-05-03 17:02:05] DEBUG|bookmark_manager_app.views.display|Redirected to groups page
[2021-05-03 17:02:05] INFO|bookmark_manager_app.views.display|Retrieving user with name=user1
[2021-05-03 17:02:05] INFO|bookmark_manager_app.views.display|Retrieving groups of user with username=user1
[2021-05-03 17:02:05] INFO|bookmark_manager_app.views.display|Retrieving bookmarks of user with username=user1
[2021-05-03 17:02:05] INFO|bookmark_manager_app.views.display|Retrieving tags of user with username=user1
[2021-05-03 17:02:05] INFO|bookmark_manager_app.views.display|Retrieving reminders of user with username=user1
[2021-05-03 17:02:05] INFO|bookmark_manager_app.views.display|Updating status of all reminders
[2021-05-03 17:02:05] DEBUG|bookmark_manager_app.views.display|Rendering Groups page
[2021-05-03 17:02:06] DEBUG|bookmark_manager_app.views.display|Redirected to groups page
[2021-05-03 17:02:06] INFO|bookmark_manager_app.views.display|Retrieving user with name=user1
[2021-05-03 17:02:06] INFO|bookmark_manager_app.views.display|Retrieving groups of user with username=user1
[2021-05-03 17:02:06] INFO|bookmark_manager_app.views.display|Retrieving bookmarks of user with username=user1
[2021-05-03 17:02:06] INFO|bookmark_manager_app.views.display|Retrieving tags of user with username=user1
[2021-05-03 17:02:06] INFO|bookmark_manager_app.views.display|Retrieving reminders of user with username=user1
[2021-05-03 17:02:06] INFO|bookmark_manager_app.views.display|Updating status of all reminders
[2021-05-03 17:02:06] DEBUG|bookmark_manager_app.views.display|Rendering Groups page
[2021-05-03 17:02:11] DEBUG|bookmark_manager_app.views.display|Redirected to groups page
[2021-05-03 17:02:11] INFO|bookmark_manager_app.views.display|Retrieving user with name=user1
[2021-05-03 17:02:11] INFO|bookmark_manager_app.views.display|Retrieving groups of user with username=user1
[2021-05-03 17:02:11] INFO|bookmark_manager_app.views.display|Retrieving bookmarks of user with username=user1
[2021-05-03 17:02:11] INFO|bookmark_manager_app.views.display|Retrieving tags of user with username=user1
[2021-05-03 17:02:11] INFO|bookmark_manager_app.views.display|Retrieving reminders of user with username=user1
[2021-05-03 17:02:11] INFO|bookmark_manager_app.views.display|Updating status of all reminders
[2021-05-03 17:02:11] DEBUG|bookmark_manager_app.views.display|Rendering Groups page
[2021-05-03 17:02:12] DEBUG|bookmark_manager_app.views.display|Redirected to groups page
[2021-05-03 17:02:12] INFO|bookmark_manager_app.views.display|Retrieving user with name=user1
[2021-05-03 17:02:12] INFO|bookmark_manager_app.views.display|Retrieving groups of user with username=user1
[2021-05-03 17:02:12] INFO|bookmark_manager_app.views.display|Retrieving bookmarks of user with username=user1
[2021-05-03 17:02:12] INFO|bookmark_manager_app.views.display|Retrieving tags of user with username=user1
[2021-05-03 17:02:12] INFO|bookmark_manager_app.views.display|Retrieving reminders of user with username=user1
[2021-05-03 17:02:12] INFO|bookmark_manager_app.views.display|Updating status of all reminders
[2021-05-03 17:02:12] DEBUG|bookmark_manager_app.views.display|Rendering Groups page
[2021-05-03 17:02:28] DEBUG|bookmark_manager_app.views.display|Redirected to groups page
[2021-05-03 17:02:28] INFO|bookmark_manager_app.views.display|Retrieving user with name=user1
[2021-05-03 17:02:28] INFO|bookmark_manager_app.views.display|Retrieving groups of user with username=user1
[2021-05-03 17:02:28] INFO|bookmark_manager_app.views.display|Retrieving bookmarks of user with username=user1
[2021-05-03 17:02:28] INFO|bookmark_manager_app.views.display|Retrieving tags of user with username=user1
[2021-05-03 17:02:28] INFO|bookmark_manager_app.views.display|Retrieving reminders of user with username=user1
[2021-05-03 17:02:28] INFO|bookmark_manager_app.views.display|Updating status of all reminders
[2021-05-03 17:02:28] DEBUG|bookmark_manager_app.views.display|Rendering Groups page
[2021-05-03 17:02:44] DEBUG|bookmark_manager_app.views.display|Redirected to groups page
[2021-05-03 17:02:44] INFO|bookmark_manager_app.views.display|Retrieving user with name=user1
[2021-05-03 17:02:44] INFO|bookmark_manager_app.views.display|Retrieving groups of user with username=user1
[2021-05-03 17:02:44] INFO|bookmark_manager_app.views.display|Retrieving bookmarks of user with username=user1
[2021-05-03 17:02:44] INFO|bookmark_manager_app.views.display|Retrieving tags of user with username=user1
[2021-05-03 17:02:44] INFO|bookmark_manager_app.views.display|Retrieving reminders of user with username=user1
[2021-05-03 17:02:44] INFO|bookmark_manager_app.views.display|Updating status of all reminders
[2021-05-03 17:02:44] DEBUG|bookmark_manager_app.views.display|Rendering Groups page
[2021-05-03 17:02:58] DEBUG|bookmark_manager_app.views.display|Redirected to groups page
[2021-05-03 17:02:58] INFO|bookmark_manager_app.views.display|Retrieving user with name=user1
[2021-05-03 17:02:58] INFO|bookmark_manager_app.views.display|Retrieving groups of user with username=user1
[2021-05-03 17:02:58] INFO|bookmark_manager_app.views.display|Retrieving bookmarks of user with username=user1
[2021-05-03 17:02:58] INFO|bookmark_manager_app.views.display|Retrieving tags of user with username=user1
[2021-05-03 17:02:58] INFO|bookmark_manager_app.views.display|Retrieving reminders of user with username=user1
[2021-05-03 17:02:58] INFO|bookmark_manager_app.views.display|Updating status of all reminders
[2021-05-03 17:02:58] DEBUG|bookmark_manager_app.views.display|Rendering Groups page
[2021-05-03 17:03:17] DEBUG|bookmark_manager_app.views.display|Redirected to groups page
[2021-05-03 17:03:17] INFO|bookmark_manager_app.views.display|Retrieving user with name=user1
[2021-05-03 17:03:17] INFO|bookmark_manager_app.views.display|Retrieving groups of user with username=user1
[2021-05-03 17:03:17] INFO|bookmark_manager_app.views.display|Retrieving bookmarks of user with username=user1
[2021-05-03 17:03:17] INFO|bookmark_manager_app.views.display|Retrieving tags of user with username=user1
[2021-05-03 17:03:17] INFO|bookmark_manager_app.views.display|Retrieving reminders of user with username=user1
[2021-05-03 17:03:17] INFO|bookmark_manager_app.views.display|Updating status of all reminders
[2021-05-03 17:03:17] DEBUG|bookmark_manager_app.views.display|Rendering Groups page
[2021-05-03 17:09:21] DEBUG|bookmark_manager_app.views.display|Redirected to groups page
[2021-05-03 17:09:21] INFO|bookmark_manager_app.views.display|Retrieving user with name=user1
[2021-05-03 17:09:21] INFO|bookmark_manager_app.views.display|Retrieving groups of user with username=user1
[2021-05-03 17:09:21] INFO|bookmark_manager_app.views.display|Retrieving bookmarks of user with username=user1
[2021-05-03 17:09:21] INFO|bookmark_manager_app.views.display|Retrieving tags of user with username=user1
[2021-05-03 17:09:21] INFO|bookmark_manager_app.views.display|Retrieving reminders of user with username=user1
[2021-05-03 17:09:21] INFO|bookmark_manager_app.views.display|Updating status of all reminders
[2021-05-03 17:09:21] DEBUG|bookmark_manager_app.views.display|Rendering Groups page
[2021-05-03 17:12:30] DEBUG|bookmark_manager_app.views.display|Redirected to groups page
[2021-05-03 17:12:30] INFO|bookmark_manager_app.views.display|Retrieving user with name=user1
[2021-05-03 17:12:30] INFO|bookmark_manager_app.views.display|Retrieving groups of user with username=user1
[2021-05-03 17:12:30] INFO|bookmark_manager_app.views.display|Retrieving bookmarks of user with username=user1
[2021-05-03 17:12:30] INFO|bookmark_manager_app.views.display|Retrieving tags of user with username=user1
[2021-05-03 17:12:30] INFO|bookmark_manager_app.views.display|Retrieving reminders of user with username=user1
[2021-05-03 17:12:30] INFO|bookmark_manager_app.views.display|Updating status of all reminders
[2021-05-03 17:12:30] DEBUG|bookmark_manager_app.views.display|Rendering Groups page
[2021-05-03 17:12:31] DEBUG|bookmark_manager_app.views.display|Redirected to groups page
[2021-05-03 17:12:31] INFO|bookmark_manager_app.views.display|Retrieving user with name=user1
[2021-05-03 17:12:31] INFO|bookmark_manager_app.views.display|Retrieving groups of user with username=user1
[2021-05-03 17:12:31] INFO|bookmark_manager_app.views.display|Retrieving bookmarks of user with username=user1
[2021-05-03 17:12:31] INFO|bookmark_manager_app.views.display|Retrieving tags of user with username=user1
[2021-05-03 17:12:31] INFO|bookmark_manager_app.views.display|Retrieving reminders of user with username=user1
[2021-05-03 17:12:31] INFO|bookmark_manager_app.views.display|Updating status of all reminders
[2021-05-03 17:12:31] DEBUG|bookmark_manager_app.views.display|Rendering Groups page
[2021-05-03 17:12:35] DEBUG|bookmark_manager_app.views.display|Redirected to groups page
[2021-05-03 17:12:35] INFO|bookmark_manager_app.views.display|Retrieving user with name=user1
[2021-05-03 17:12:35] INFO|bookmark_manager_app.views.display|Retrieving groups of user with username=user1
[2021-05-03 17:12:35] INFO|bookmark_manager_app.views.display|Retrieving bookmarks of user with username=user1
[2021-05-03 17:12:35] INFO|bookmark_manager_app.views.display|Retrieving tags of user with username=user1
[2021-05-03 17:12:35] INFO|bookmark_manager_app.views.display|Retrieving reminders of user with username=user1
[2021-05-03 17:12:35] INFO|bookmark_manager_app.views.display|Updating status of all reminders
[2021-05-03 17:12:35] DEBUG|bookmark_manager_app.views.display|Rendering Groups page
[2021-05-03 17:12:36] DEBUG|bookmark_manager_app.views.display|Redirected to groups page
[2021-05-03 17:12:36] INFO|bookmark_manager_app.views.display|Retrieving user with name=user1
[2021-05-03 17:12:36] INFO|bookmark_manager_app.views.display|Retrieving groups of user with username=user1
[2021-05-03 17:12:36] INFO|bookmark_manager_app.views.display|Retrieving bookmarks of user with username=user1
[2021-05-03 17:12:36] INFO|bookmark_manager_app.views.display|Retrieving tags of user with username=user1
[2021-05-03 17:12:36] INFO|bookmark_manager_app.views.display|Retrieving reminders of user with username=user1
[2021-05-03 17:12:36] INFO|bookmark_manager_app.views.display|Updating status of all reminders
[2021-05-03 17:12:36] DEBUG|bookmark_manager_app.views.display|Rendering Groups page
[2021-05-03 17:13:01] DEBUG|bookmark_manager_app.views.display|Redirected to groups page
[2021-05-03 17:13:01] INFO|bookmark_manager_app.views.display|Retrieving user with name=user1
[2021-05-03 17:13:01] INFO|bookmark_manager_app.views.display|Retrieving groups of user with username=user1
[2021-05-03 17:13:01] INFO|bookmark_manager_app.views.display|Retrieving bookmarks of user with username=user1
[2021-05-03 17:13:01] INFO|bookmark_manager_app.views.display|Retrieving tags of user with username=user1
[2021-05-03 17:13:01] INFO|bookmark_manager_app.views.display|Retrieving reminders of user with username=user1
[2021-05-03 17:13:01] INFO|bookmark_manager_app.views.display|Updating status of all reminders
[2021-05-03 17:13:01] DEBUG|bookmark_manager_app.views.display|Rendering Groups page
[2021-05-03 17:13:49] DEBUG|bookmark_manager_app.views.display|Redirected to groups page
[2021-05-03 17:13:49] INFO|bookmark_manager_app.views.display|Retrieving user with name=user1
[2021-05-03 17:13:49] INFO|bookmark_manager_app.views.display|Retrieving groups of user with username=user1
[2021-05-03 17:13:49] INFO|bookmark_manager_app.views.display|Retrieving bookmarks of user with username=user1
[2021-05-03 17:13:49] INFO|bookmark_manager_app.views.display|Retrieving tags of user with username=user1
[2021-05-03 17:13:49] INFO|bookmark_manager_app.views.display|Retrieving reminders of user with username=user1
[2021-05-03 17:13:49] INFO|bookmark_manager_app.views.display|Updating status of all reminders
[2021-05-03 17:13:49] DEBUG|bookmark_manager_app.views.display|Rendering Groups page
[2021-05-03 17:13:53] DEBUG|bookmark_manager_app.views.display|Redirected to groups page
[2021-05-03 17:13:53] INFO|bookmark_manager_app.views.display|Retrieving user with name=user1
[2021-05-03 17:13:53] INFO|bookmark_manager_app.views.display|Retrieving groups of user with username=user1
[2021-05-03 17:13:53] INFO|bookmark_manager_app.views.display|Retrieving bookmarks of user with username=user1
[2021-05-03 17:13:53] INFO|bookmark_manager_app.views.display|Retrieving tags of user with username=user1
[2021-05-03 17:13:53] INFO|bookmark_manager_app.views.display|Retrieving reminders of user with username=user1
[2021-05-03 17:13:53] INFO|bookmark_manager_app.views.display|Updating status of all reminders
[2021-05-03 17:13:53] DEBUG|bookmark_manager_app.views.display|Rendering Groups page
[2021-05-03 17:16:14] DEBUG|bookmark_manager_app.views.display|Redirected to groups page
[2021-05-03 17:16:14] INFO|bookmark_manager_app.views.display|Retrieving user with name=user1
[2021-05-03 17:16:14] INFO|bookmark_manager_app.views.display|Retrieving groups of user with username=user1
[2021-05-03 17:16:14] INFO|bookmark_manager_app.views.display|Retrieving bookmarks of user with username=user1
[2021-05-03 17:16:14] INFO|bookmark_manager_app.views.display|Retrieving tags of user with username=user1
[2021-05-03 17:16:14] INFO|bookmark_manager_app.views.display|Retrieving reminders of user with username=user1
[2021-05-03 17:16:14] INFO|bookmark_manager_app.views.display|Updating status of all reminders
[2021-05-03 17:16:14] DEBUG|bookmark_manager_app.views.display|Rendering Groups page
[2021-05-03 17:16:30] DEBUG|bookmark_manager_app.views.index|Redirecting to Login page
[2021-05-03 17:16:32] INFO|bookmark_manager_app.views.index|User with username=user1 successfully logged in
[2021-05-03 17:16:32] DEBUG|bookmark_manager_app.views.index|Redirecting to groups page
[2021-05-03 17:16:32] DEBUG|bookmark_manager_app.views.display|Redirected to groups page
[2021-05-03 17:16:32] INFO|bookmark_manager_app.views.display|Retrieving user with name=user1
[2021-05-03 17:16:32] INFO|bookmark_manager_app.views.display|Retrieving groups of user with username=user1
[2021-05-03 17:16:32] INFO|bookmark_manager_app.views.display|Retrieving bookmarks of user with username=user1
[2021-05-03 17:16:32] INFO|bookmark_manager_app.views.display|Retrieving tags of user with username=user1
[2021-05-03 17:16:32] INFO|bookmark_manager_app.views.display|Retrieving reminders of user with username=user1
[2021-05-03 17:16:32] INFO|bookmark_manager_app.views.display|Updating status of all reminders
[2021-05-03 17:16:32] DEBUG|bookmark_manager_app.views.display|Rendering Groups page
[2021-05-03 17:16:35] INFO|bookmark_manager_app.views.search|Retrieving user with name=user1
[2021-05-03 17:16:35] INFO|bookmark_manager_app.views.search|Retrieving tag of user with username=user1
[2021-05-03 17:16:35] INFO|bookmark_manager_app.views.search|Retrieving groups of user with username=user1
[2021-05-03 17:16:35] INFO|bookmark_manager_app.views.search|Retrieving bookmarks of user with username=user1
[2021-05-03 17:16:35] DEBUG|bookmark_manager_app.views.search|Redirecting to Groups page
[2021-05-03 17:16:35] DEBUG|bookmark_manager_app.views.display|Redirected to groups page
[2021-05-03 17:16:35] INFO|bookmark_manager_app.views.display|Retrieving user with name=user1
[2021-05-03 17:16:35] INFO|bookmark_manager_app.views.display|Retrieving groups of user with username=user1
[2021-05-03 17:16:35] INFO|bookmark_manager_app.views.display|Retrieving bookmarks of user with username=user1
[2021-05-03 17:16:35] INFO|bookmark_manager_app.views.display|Retrieving tags of user with username=user1
[2021-05-03 17:16:35] INFO|bookmark_manager_app.views.display|Retrieving reminders of user with username=user1
[2021-05-03 17:16:35] INFO|bookmark_manager_app.views.display|Updating status of all reminders
[2021-05-03 17:16:35] DEBUG|bookmark_manager_app.views.display|Rendering Groups page
[2021-05-03 17:17:08] DEBUG|bookmark_manager_app.views.display|Redirected to groups page
[2021-05-03 17:17:08] INFO|bookmark_manager_app.views.display|Retrieving user with name=user1
[2021-05-03 17:17:08] INFO|bookmark_manager_app.views.display|Retrieving groups of user with username=user1
[2021-05-03 17:17:08] INFO|bookmark_manager_app.views.display|Retrieving bookmarks of user with username=user1
[2021-05-03 17:17:08] INFO|bookmark_manager_app.views.display|Retrieving tags of user with username=user1
[2021-05-03 17:17:08] INFO|bookmark_manager_app.views.display|Retrieving reminders of user with username=user1
[2021-05-03 17:17:08] INFO|bookmark_manager_app.views.display|Updating status of all reminders
[2021-05-03 17:17:08] DEBUG|bookmark_manager_app.views.display|Rendering Groups page
[2021-05-03 17:17:10] INFO|bookmark_manager_app.views.search|Retrieving user with name=user1
[2021-05-03 17:17:10] INFO|bookmark_manager_app.views.search|Retrieving tag of user with username=user1
[2021-05-03 17:17:10] INFO|bookmark_manager_app.views.search|Retrieving groups of user with username=user1
[2021-05-03 17:17:10] INFO|bookmark_manager_app.views.search|Retrieving bookmarks of user with username=user1
[2021-05-03 17:17:10] DEBUG|bookmark_manager_app.views.search|Redirecting to Groups page
[2021-05-03 17:17:10] DEBUG|bookmark_manager_app.views.display|Redirected to groups page
[2021-05-03 17:17:10] INFO|bookmark_manager_app.views.display|Retrieving user with name=user1
[2021-05-03 17:17:10] INFO|bookmark_manager_app.views.display|Retrieving groups of user with username=user1
[2021-05-03 17:17:10] INFO|bookmark_manager_app.views.display|Retrieving bookmarks of user with username=user1
[2021-05-03 17:17:10] INFO|bookmark_manager_app.views.display|Retrieving tags of user with username=user1
[2021-05-03 17:17:10] INFO|bookmark_manager_app.views.display|Retrieving reminders of user with username=user1
[2021-05-03 17:17:10] INFO|bookmark_manager_app.views.display|Updating status of all reminders
[2021-05-03 17:17:10] DEBUG|bookmark_manager_app.views.display|Rendering Groups page
